<?xml version="1.0" encoding="UTF-8"?>
<TestRun id="9ddf2f6e-2e94-fea2-84db-fe23207fa412" name="andcra@MS-ANDCRA 2017-07-24T12:59:47" runUser="andcra" xmlns="http://microsoft.com/schemas/VisualStudio/TeamTest/2010">
  <TestSettings name="Karma Test Run" id="cb34fa18-ef4a-a46b-6b59-53267f0ed615"/>
  <Times creation="2017-07-24T12:59:47" queuing="2017-07-24T12:59:47" start="2017-07-24T12:59:47" finish="2017-07-24T12:59:50"/>
  <ResultSummary outcome="Passed">
    <Counters total="3" executed="3" passed="3" error="0" failed="0"/>
  </ResultSummary>
  <TestDefinitions>
    <UnitTest name="PhantomJS 2.1.1 (Windows 8 0.0.0)_should flatten the request" id="a093a990-b674-e1c0-7e6c-6ce3eba9ed56">
      <Execution id="b6c039fd-e63e-5a50-a063-0ea23175f304"/>
      <TestMethod codeBase="Request Flattener Service.PhantomJS 2.1.1 (Windows 8 0.0.0)_should flatten the request" name="PhantomJS 2.1.1 (Windows 8 0.0.0)_should flatten the request" className="Request Flattener Service"/>
    </UnitTest>
    <UnitTest name="PhantomJS 2.1.1 (Windows 8 0.0.0)_should get hash" id="209ad3a4-6e1f-c0bf-479d-43c437404329">
      <Execution id="745795fe-4905-3240-bf1e-f9877b4d66e5"/>
      <TestMethod codeBase="Request Hasher Service.PhantomJS 2.1.1 (Windows 8 0.0.0)_should get hash" name="PhantomJS 2.1.1 (Windows 8 0.0.0)_should get hash" className="Request Hasher Service"/>
    </UnitTest>
    <UnitTest name="PhantomJS 2.1.1 (Windows 8 0.0.0)_should hash empty to zero" id="98439b43-de03-0659-776d-65fb11e1150e">
      <Execution id="e333c914-9737-3b60-8006-72346182fec0"/>
      <TestMethod codeBase="Request Hasher Service.PhantomJS 2.1.1 (Windows 8 0.0.0)_should hash empty to zero" name="PhantomJS 2.1.1 (Windows 8 0.0.0)_should hash empty to zero" className="Request Hasher Service"/>
    </UnitTest>
  </TestDefinitions>
  <TestLists>
    <TestList name="Results Not in a List" id="8c84fa94-04c1-424b-9868-57a2d4851a1d"/>
    <TestList name="All Loaded Results" id="19431567-8539-422a-85d7-44ee4e166bda"/>
  </TestLists>
  <TestEntries>
    <TestEntry testId="a093a990-b674-e1c0-7e6c-6ce3eba9ed56" executionId="b6c039fd-e63e-5a50-a063-0ea23175f304" testListId="8c84fa94-04c1-424b-9868-57a2d4851a1d"/>
    <TestEntry testId="209ad3a4-6e1f-c0bf-479d-43c437404329" executionId="745795fe-4905-3240-bf1e-f9877b4d66e5" testListId="8c84fa94-04c1-424b-9868-57a2d4851a1d"/>
    <TestEntry testId="98439b43-de03-0659-776d-65fb11e1150e" executionId="e333c914-9737-3b60-8006-72346182fec0" testListId="8c84fa94-04c1-424b-9868-57a2d4851a1d"/>
  </TestEntries>
  <Results>
    <UnitTestResult executionId="b6c039fd-e63e-5a50-a063-0ea23175f304" testId="a093a990-b674-e1c0-7e6c-6ce3eba9ed56" testName="PhantomJS 2.1.1 (Windows 8 0.0.0)_should flatten the request" computerName="MS-ANDCRA" duration="00:00:00.027" startTime="2017-07-24T12:59:50" endTime="2017-07-24T12:59:50" testType="13cdc9d9-ddb5-4fa4-a97d-d965ccfc6d4b" outcome="Passed" testListId="8c84fa94-04c1-424b-9868-57a2d4851a1d"/>
    <UnitTestResult executionId="745795fe-4905-3240-bf1e-f9877b4d66e5" testId="209ad3a4-6e1f-c0bf-479d-43c437404329" testName="PhantomJS 2.1.1 (Windows 8 0.0.0)_should get hash" computerName="MS-ANDCRA" duration="00:00:00.004" startTime="2017-07-24T12:59:50" endTime="2017-07-24T12:59:50" testType="13cdc9d9-ddb5-4fa4-a97d-d965ccfc6d4b" outcome="Passed" testListId="8c84fa94-04c1-424b-9868-57a2d4851a1d"/>
    <UnitTestResult executionId="e333c914-9737-3b60-8006-72346182fec0" testId="98439b43-de03-0659-776d-65fb11e1150e" testName="PhantomJS 2.1.1 (Windows 8 0.0.0)_should hash empty to zero" computerName="MS-ANDCRA" duration="00:00:00.004" startTime="2017-07-24T12:59:50" endTime="2017-07-24T12:59:50" testType="13cdc9d9-ddb5-4fa4-a97d-d965ccfc6d4b" outcome="Passed" testListId="8c84fa94-04c1-424b-9868-57a2d4851a1d"/>
  </Results>
</TestRun>
